<?xml version="1.0" encoding="UTF-8"?>
<!-- Generated by org.testng.reporters.JUnitReportReporter -->
<testsuite hostname="Joses-Mac-mini.local" failures="0" tests="2" name="cs.app.AppTest" time="0.044" errors="0" timestamp="2021-10-23T17:04:24 PET" skipped="0">
  <testcase classname="cs.app.AppTest" name="test02" time="0.014"/>
  <system-out/>
  <testcase classname="cs.app.AppTest" name="test01" time="0.030"/>
  <system-out/>
</testsuite> <!-- cs.app.AppTest -->
