<?xml version="1.0" encoding="UTF-8"?>
<!-- Generated by org.testng.reporters.JUnitReportReporter -->
<testsuite hostname="Joses-Mac-mini.local" failures="0" tests="4" name="cs.app.AppTest" time="0.018" errors="0" timestamp="2021-10-23T20:25:08 PET" skipped="0">
  <testcase classname="cs.app.AppTest" name="test02" time="0.001"/>
  <system-out/>
  <testcase classname="cs.app.AppTest" name="test04" time="0.000"/>
  <system-out/>
  <testcase classname="cs.app.AppTest" name="test01" time="0.016"/>
  <system-out/>
  <testcase classname="cs.app.AppTest" name="test03" time="0.001"/>
  <system-out/>
</testsuite> <!-- cs.app.AppTest -->
